mode: atomic
github.com/my-eq/go-attom/pkg/property/address.go:9.49,10.67 1 0
github.com/my-eq/go-attom/pkg/property/address.go:10.67,12.3 1 0
github.com/my-eq/go-attom/pkg/property/address.go:13.2,13.12 1 0
github.com/my-eq/go-attom/pkg/property/enums.go:84.48,85.16 1 0
github.com/my-eq/go-attom/pkg/property/enums.go:86.41,87.13 1 0
github.com/my-eq/go-attom/pkg/property/enums.go:88.10,89.111 1 0
github.com/my-eq/go-attom/pkg/property/enums.go:94.42,95.16 1 0
github.com/my-eq/go-attom/pkg/property/enums.go:96.32,97.13 1 0
github.com/my-eq/go-attom/pkg/property/enums.go:98.10,99.95 1 0
github.com/my-eq/go-attom/pkg/property/enums.go:104.54,151.39 2 0
github.com/my-eq/go-attom/pkg/property/enums.go:151.39,152.32 1 0
github.com/my-eq/go-attom/pkg/property/enums.go:152.32,154.4 1 0
github.com/my-eq/go-attom/pkg/property/enums.go:156.2,156.62 1 0
github.com/my-eq/go-attom/pkg/property/enums.go:160.44,177.41 2 0
github.com/my-eq/go-attom/pkg/property/enums.go:177.41,178.28 1 0
github.com/my-eq/go-attom/pkg/property/enums.go:178.28,180.4 1 0
github.com/my-eq/go-attom/pkg/property/enums.go:182.2,182.51 1 0
github.com/my-eq/go-attom/pkg/property/errors.go:26.32,27.14 1 3
github.com/my-eq/go-attom/pkg/property/errors.go:27.14,29.3 1 1
github.com/my-eq/go-attom/pkg/property/errors.go:30.2,30.21 1 2
github.com/my-eq/go-attom/pkg/property/errors.go:30.21,32.3 1 0
github.com/my-eq/go-attom/pkg/property/errors.go:33.2,33.21 1 2
github.com/my-eq/go-attom/pkg/property/errors.go:33.21,34.26 1 1
github.com/my-eq/go-attom/pkg/property/errors.go:34.26,36.4 1 0
github.com/my-eq/go-attom/pkg/property/errors.go:37.3,37.27 1 1
github.com/my-eq/go-attom/pkg/property/errors.go:37.27,39.4 1 1
github.com/my-eq/go-attom/pkg/property/errors.go:41.2,41.62 1 1
github.com/my-eq/go-attom/pkg/property/options.go:14.45,16.27 2 38
github.com/my-eq/go-attom/pkg/property/options.go:16.27,17.17 1 46
github.com/my-eq/go-attom/pkg/property/options.go:17.17,19.4 1 45
github.com/my-eq/go-attom/pkg/property/options.go:21.2,21.15 1 38
github.com/my-eq/go-attom/pkg/property/options.go:25.43,26.33 1 44
github.com/my-eq/go-attom/pkg/property/options.go:26.33,27.31 1 44
github.com/my-eq/go-attom/pkg/property/options.go:27.31,29.4 1 2
github.com/my-eq/go-attom/pkg/property/options.go:30.3,30.25 1 42
github.com/my-eq/go-attom/pkg/property/options.go:35.80,36.33 1 4
github.com/my-eq/go-attom/pkg/property/options.go:36.33,37.40 1 4
github.com/my-eq/go-attom/pkg/property/options.go:37.40,39.4 1 2
github.com/my-eq/go-attom/pkg/property/options.go:40.3,41.16 2 2
github.com/my-eq/go-attom/pkg/property/options.go:41.16,43.4 1 1
github.com/my-eq/go-attom/pkg/property/options.go:44.3,44.49 1 2
github.com/my-eq/go-attom/pkg/property/options.go:49.41,51.2 1 12
github.com/my-eq/go-attom/pkg/property/options.go:54.39,56.2 1 1
github.com/my-eq/go-attom/pkg/property/options.go:59.46,60.33 1 1
github.com/my-eq/go-attom/pkg/property/options.go:60.33,61.17 1 1
github.com/my-eq/go-attom/pkg/property/options.go:61.17,63.4 1 1
github.com/my-eq/go-attom/pkg/property/options.go:64.3,64.16 1 1
github.com/my-eq/go-attom/pkg/property/options.go:64.16,66.4 1 1
github.com/my-eq/go-attom/pkg/property/options.go:71.41,73.2 1 12
github.com/my-eq/go-attom/pkg/property/options.go:76.57,77.33 1 2
github.com/my-eq/go-attom/pkg/property/options.go:77.33,78.21 1 2
github.com/my-eq/go-attom/pkg/property/options.go:78.21,80.4 1 2
github.com/my-eq/go-attom/pkg/property/options.go:81.3,81.21 1 2
github.com/my-eq/go-attom/pkg/property/options.go:81.21,83.4 1 2
github.com/my-eq/go-attom/pkg/property/options.go:88.64,89.33 1 3
github.com/my-eq/go-attom/pkg/property/options.go:89.33,92.3 2 3
github.com/my-eq/go-attom/pkg/property/options.go:96.45,97.33 1 2
github.com/my-eq/go-attom/pkg/property/options.go:97.33,98.23 1 2
github.com/my-eq/go-attom/pkg/property/options.go:98.23,100.4 1 0
github.com/my-eq/go-attom/pkg/property/options.go:101.3,101.70 1 2
github.com/my-eq/go-attom/pkg/property/options.go:106.41,108.2 1 2
github.com/my-eq/go-attom/pkg/property/options.go:111.39,113.2 1 0
github.com/my-eq/go-attom/pkg/property/options.go:116.37,118.2 1 0
github.com/my-eq/go-attom/pkg/property/options.go:121.39,123.2 1 3
github.com/my-eq/go-attom/pkg/property/options.go:126.51,128.2 1 0
github.com/my-eq/go-attom/pkg/property/options.go:131.50,132.33 1 0
github.com/my-eq/go-attom/pkg/property/options.go:132.33,133.21 1 0
github.com/my-eq/go-attom/pkg/property/options.go:133.21,135.4 1 0
github.com/my-eq/go-attom/pkg/property/options.go:136.3,136.59 1 0
github.com/my-eq/go-attom/pkg/property/options.go:141.49,142.33 1 0
github.com/my-eq/go-attom/pkg/property/options.go:142.33,143.18 1 0
github.com/my-eq/go-attom/pkg/property/options.go:143.18,145.4 1 0
github.com/my-eq/go-attom/pkg/property/options.go:146.3,146.18 1 0
github.com/my-eq/go-attom/pkg/property/options.go:146.18,148.4 1 0
github.com/my-eq/go-attom/pkg/property/options.go:153.56,154.33 1 1
github.com/my-eq/go-attom/pkg/property/options.go:154.33,155.19 1 1
github.com/my-eq/go-attom/pkg/property/options.go:155.19,157.4 1 1
github.com/my-eq/go-attom/pkg/property/options.go:158.3,158.19 1 1
github.com/my-eq/go-attom/pkg/property/options.go:158.19,160.4 1 1
github.com/my-eq/go-attom/pkg/property/options.go:165.57,166.33 1 1
github.com/my-eq/go-attom/pkg/property/options.go:166.33,167.17 1 1
github.com/my-eq/go-attom/pkg/property/options.go:167.17,169.4 1 1
github.com/my-eq/go-attom/pkg/property/options.go:170.3,170.17 1 1
github.com/my-eq/go-attom/pkg/property/options.go:170.17,172.4 1 1
github.com/my-eq/go-attom/pkg/property/options.go:177.58,178.33 1 1
github.com/my-eq/go-attom/pkg/property/options.go:178.33,179.18 1 1
github.com/my-eq/go-attom/pkg/property/options.go:179.18,181.4 1 1
github.com/my-eq/go-attom/pkg/property/options.go:182.3,182.18 1 1
github.com/my-eq/go-attom/pkg/property/options.go:182.18,184.4 1 1
github.com/my-eq/go-attom/pkg/property/options.go:189.54,190.33 1 1
github.com/my-eq/go-attom/pkg/property/options.go:190.33,191.18 1 1
github.com/my-eq/go-attom/pkg/property/options.go:191.18,193.4 1 1
github.com/my-eq/go-attom/pkg/property/options.go:194.3,194.18 1 1
github.com/my-eq/go-attom/pkg/property/options.go:194.18,196.4 1 1
github.com/my-eq/go-attom/pkg/property/options.go:201.57,202.33 1 1
github.com/my-eq/go-attom/pkg/property/options.go:202.33,203.18 1 1
github.com/my-eq/go-attom/pkg/property/options.go:203.18,205.4 1 1
github.com/my-eq/go-attom/pkg/property/options.go:206.3,206.18 1 1
github.com/my-eq/go-attom/pkg/property/options.go:206.18,208.4 1 1
github.com/my-eq/go-attom/pkg/property/options.go:213.53,214.33 1 1
github.com/my-eq/go-attom/pkg/property/options.go:214.33,215.18 1 1
github.com/my-eq/go-attom/pkg/property/options.go:215.18,217.4 1 1
github.com/my-eq/go-attom/pkg/property/options.go:218.3,218.18 1 1
github.com/my-eq/go-attom/pkg/property/options.go:218.18,220.4 1 1
github.com/my-eq/go-attom/pkg/property/options.go:226.64,227.33 1 2
github.com/my-eq/go-attom/pkg/property/options.go:227.33,229.22 2 2
github.com/my-eq/go-attom/pkg/property/options.go:229.22,231.4 1 1
github.com/my-eq/go-attom/pkg/property/options.go:232.3,232.20 1 2
github.com/my-eq/go-attom/pkg/property/options.go:232.20,234.4 1 1
github.com/my-eq/go-attom/pkg/property/options.go:239.67,240.33 1 1
github.com/my-eq/go-attom/pkg/property/options.go:240.33,242.22 2 1
github.com/my-eq/go-attom/pkg/property/options.go:242.22,244.4 1 1
github.com/my-eq/go-attom/pkg/property/options.go:245.3,245.20 1 1
github.com/my-eq/go-attom/pkg/property/options.go:245.20,247.4 1 1
github.com/my-eq/go-attom/pkg/property/options.go:252.32,253.33 1 2
github.com/my-eq/go-attom/pkg/property/options.go:253.33,254.15 1 2
github.com/my-eq/go-attom/pkg/property/options.go:254.15,256.4 1 1
github.com/my-eq/go-attom/pkg/property/options.go:261.33,262.33 1 1
github.com/my-eq/go-attom/pkg/property/options.go:262.33,263.12 1 1
github.com/my-eq/go-attom/pkg/property/options.go:263.12,265.4 1 1
github.com/my-eq/go-attom/pkg/property/options.go:270.39,272.2 1 1
github.com/my-eq/go-attom/pkg/property/options.go:275.52,277.2 1 1
github.com/my-eq/go-attom/pkg/property/options.go:280.45,282.2 1 0
github.com/my-eq/go-attom/pkg/property/options.go:285.41,287.2 1 0
github.com/my-eq/go-attom/pkg/property/options.go:290.35,292.2 1 0
github.com/my-eq/go-attom/pkg/property/options.go:295.33,297.2 1 0
github.com/my-eq/go-attom/pkg/property/service.go:20.44,21.14 1 40
github.com/my-eq/go-attom/pkg/property/service.go:21.14,23.3 1 1
github.com/my-eq/go-attom/pkg/property/service.go:24.2,24.28 1 39
github.com/my-eq/go-attom/pkg/property/service.go:52.40,53.33 1 41
github.com/my-eq/go-attom/pkg/property/service.go:53.33,55.3 1 2
github.com/my-eq/go-attom/pkg/property/service.go:56.2,56.12 1 39
github.com/my-eq/go-attom/pkg/property/service.go:59.110,60.40 1 39
github.com/my-eq/go-attom/pkg/property/service.go:60.40,62.3 1 0
github.com/my-eq/go-attom/pkg/property/service.go:63.2,65.16 3 39
github.com/my-eq/go-attom/pkg/property/service.go:65.16,67.3 1 0
github.com/my-eq/go-attom/pkg/property/service.go:68.2,70.16 3 39
github.com/my-eq/go-attom/pkg/property/service.go:70.16,72.3 1 0
github.com/my-eq/go-attom/pkg/property/service.go:73.2,73.15 1 39
github.com/my-eq/go-attom/pkg/property/service.go:73.15,74.67 1 39
github.com/my-eq/go-attom/pkg/property/service.go:74.67,76.4 1 0
github.com/my-eq/go-attom/pkg/property/service.go:79.2,79.86 1 39
github.com/my-eq/go-attom/pkg/property/service.go:79.86,82.41 3 3
github.com/my-eq/go-attom/pkg/property/service.go:82.41,87.84 2 1
github.com/my-eq/go-attom/pkg/property/service.go:87.84,90.5 2 1
github.com/my-eq/go-attom/pkg/property/service.go:92.3,92.21 1 3
github.com/my-eq/go-attom/pkg/property/service.go:92.21,94.4 1 1
github.com/my-eq/go-attom/pkg/property/service.go:95.3,95.16 1 2
github.com/my-eq/go-attom/pkg/property/service.go:98.2,98.16 1 36
github.com/my-eq/go-attom/pkg/property/service.go:98.16,100.67 1 1
github.com/my-eq/go-attom/pkg/property/service.go:100.67,102.4 1 0
github.com/my-eq/go-attom/pkg/property/service.go:103.3,103.13 1 1
github.com/my-eq/go-attom/pkg/property/service.go:106.2,107.56 2 35
github.com/my-eq/go-attom/pkg/property/service.go:107.56,109.3 1 1
github.com/my-eq/go-attom/pkg/property/service.go:110.2,110.12 1 34
github.com/my-eq/go-attom/pkg/property/service.go:113.133,115.22 2 38
github.com/my-eq/go-attom/pkg/property/service.go:115.22,116.42 1 38
github.com/my-eq/go-attom/pkg/property/service.go:116.42,118.4 1 3
github.com/my-eq/go-attom/pkg/property/service.go:120.2,120.43 1 35
github.com/my-eq/go-attom/pkg/property/service.go:123.58,124.27 1 2
github.com/my-eq/go-attom/pkg/property/service.go:124.27,125.36 1 3
github.com/my-eq/go-attom/pkg/property/service.go:125.36,127.4 1 1
github.com/my-eq/go-attom/pkg/property/service.go:129.2,129.72 1 1
github.com/my-eq/go-attom/pkg/property/service.go:132.58,133.27 1 2
github.com/my-eq/go-attom/pkg/property/service.go:133.27,134.28 1 4
github.com/my-eq/go-attom/pkg/property/service.go:134.28,136.4 1 1
github.com/my-eq/go-attom/pkg/property/service.go:138.2,138.12 1 1
github.com/my-eq/go-attom/pkg/property/service.go:141.57,142.122 1 20
github.com/my-eq/go-attom/pkg/property/service.go:142.122,144.3 1 17
github.com/my-eq/go-attom/pkg/property/service.go:145.2,145.57 1 3
github.com/my-eq/go-attom/pkg/property/service.go:145.57,147.3 1 1
github.com/my-eq/go-attom/pkg/property/service.go:148.2,148.99 1 2
github.com/my-eq/go-attom/pkg/property/service.go:151.48,152.132 1 4
github.com/my-eq/go-attom/pkg/property/service.go:152.132,154.3 1 3
github.com/my-eq/go-attom/pkg/property/service.go:155.2,155.85 1 1
github.com/my-eq/go-attom/pkg/property/service.go:159.107,162.82 3 2
github.com/my-eq/go-attom/pkg/property/service.go:162.82,163.34 1 2
github.com/my-eq/go-attom/pkg/property/service.go:163.34,165.4 1 0
github.com/my-eq/go-attom/pkg/property/service.go:166.3,166.67 1 2
github.com/my-eq/go-attom/pkg/property/service.go:166.67,168.4 1 1
github.com/my-eq/go-attom/pkg/property/service.go:169.3,169.65 1 1
github.com/my-eq/go-attom/pkg/property/service.go:171.2,171.16 1 2
github.com/my-eq/go-attom/pkg/property/service.go:171.16,173.3 1 1
github.com/my-eq/go-attom/pkg/property/service.go:174.2,174.19 1 1
github.com/my-eq/go-attom/pkg/property/service.go:178.99,181.16 3 2
github.com/my-eq/go-attom/pkg/property/service.go:181.16,183.3 1 1
github.com/my-eq/go-attom/pkg/property/service.go:184.2,184.19 1 1
github.com/my-eq/go-attom/pkg/property/service.go:188.101,191.16 3 1
github.com/my-eq/go-attom/pkg/property/service.go:191.16,193.3 1 0
github.com/my-eq/go-attom/pkg/property/service.go:194.2,194.19 1 1
github.com/my-eq/go-attom/pkg/property/service.go:198.103,199.45 1 5
github.com/my-eq/go-attom/pkg/property/service.go:199.45,201.91 1 5
github.com/my-eq/go-attom/pkg/property/service.go:201.91,203.4 1 0
github.com/my-eq/go-attom/pkg/property/service.go:205.3,205.87 1 5
github.com/my-eq/go-attom/pkg/property/service.go:205.87,207.4 1 0
github.com/my-eq/go-attom/pkg/property/service.go:209.3,209.34 1 5
github.com/my-eq/go-attom/pkg/property/service.go:209.34,211.4 1 0
github.com/my-eq/go-attom/pkg/property/service.go:213.3,213.67 1 5
github.com/my-eq/go-attom/pkg/property/service.go:213.67,215.4 1 0
github.com/my-eq/go-attom/pkg/property/service.go:217.3,217.37 1 5
github.com/my-eq/go-attom/pkg/property/service.go:217.37,219.4 1 2
github.com/my-eq/go-attom/pkg/property/service.go:221.3,223.29 3 3
github.com/my-eq/go-attom/pkg/property/service.go:223.29,224.34 1 2
github.com/my-eq/go-attom/pkg/property/service.go:224.34,226.5 1 1
github.com/my-eq/go-attom/pkg/property/service.go:227.4,227.89 1 1
github.com/my-eq/go-attom/pkg/property/service.go:229.3,229.191 1 1
github.com/my-eq/go-attom/pkg/property/service.go:231.2,233.16 3 5
github.com/my-eq/go-attom/pkg/property/service.go:233.16,235.3 1 2
github.com/my-eq/go-attom/pkg/property/service.go:236.2,236.19 1 3
github.com/my-eq/go-attom/pkg/property/service.go:240.114,243.92 3 1
github.com/my-eq/go-attom/pkg/property/service.go:243.92,244.66 1 1
github.com/my-eq/go-attom/pkg/property/service.go:244.66,246.4 1 1
github.com/my-eq/go-attom/pkg/property/service.go:247.3,247.65 1 0
github.com/my-eq/go-attom/pkg/property/service.go:249.2,249.16 1 1
github.com/my-eq/go-attom/pkg/property/service.go:249.16,251.3 1 0
github.com/my-eq/go-attom/pkg/property/service.go:252.2,252.19 1 1
github.com/my-eq/go-attom/pkg/property/service.go:256.101,258.92 2 1
github.com/my-eq/go-attom/pkg/property/service.go:258.92,259.78 1 1
github.com/my-eq/go-attom/pkg/property/service.go:259.78,261.4 1 1
github.com/my-eq/go-attom/pkg/property/service.go:262.3,262.88 1 0
github.com/my-eq/go-attom/pkg/property/service.go:264.2,264.16 1 1
github.com/my-eq/go-attom/pkg/property/service.go:264.16,266.3 1 0
github.com/my-eq/go-attom/pkg/property/service.go:267.2,267.19 1 1
github.com/my-eq/go-attom/pkg/property/service.go:271.123,274.97 3 1
github.com/my-eq/go-attom/pkg/property/service.go:274.97,275.34 1 1
github.com/my-eq/go-attom/pkg/property/service.go:275.34,277.4 1 1
github.com/my-eq/go-attom/pkg/property/service.go:278.3,278.65 1 0
github.com/my-eq/go-attom/pkg/property/service.go:280.2,280.16 1 1
github.com/my-eq/go-attom/pkg/property/service.go:280.16,282.3 1 0
github.com/my-eq/go-attom/pkg/property/service.go:283.2,283.19 1 1
github.com/my-eq/go-attom/pkg/property/service.go:287.117,290.94 3 1
github.com/my-eq/go-attom/pkg/property/service.go:290.94,291.34 1 1
github.com/my-eq/go-attom/pkg/property/service.go:291.34,293.4 1 1
github.com/my-eq/go-attom/pkg/property/service.go:294.3,294.65 1 0
github.com/my-eq/go-attom/pkg/property/service.go:296.2,296.16 1 1
github.com/my-eq/go-attom/pkg/property/service.go:296.16,298.3 1 0
github.com/my-eq/go-attom/pkg/property/service.go:299.2,299.19 1 1
github.com/my-eq/go-attom/pkg/property/service.go:303.111,306.91 3 1
github.com/my-eq/go-attom/pkg/property/service.go:306.91,307.34 1 1
github.com/my-eq/go-attom/pkg/property/service.go:307.34,309.4 1 1
github.com/my-eq/go-attom/pkg/property/service.go:310.3,310.65 1 0
github.com/my-eq/go-attom/pkg/property/service.go:312.2,312.16 1 1
github.com/my-eq/go-attom/pkg/property/service.go:312.16,314.3 1 0
github.com/my-eq/go-attom/pkg/property/service.go:315.2,315.19 1 1
github.com/my-eq/go-attom/pkg/property/service.go:319.127,322.99 3 1
github.com/my-eq/go-attom/pkg/property/service.go:322.99,323.34 1 1
github.com/my-eq/go-attom/pkg/property/service.go:323.34,325.4 1 1
github.com/my-eq/go-attom/pkg/property/service.go:326.3,326.65 1 0
github.com/my-eq/go-attom/pkg/property/service.go:328.2,328.16 1 1
github.com/my-eq/go-attom/pkg/property/service.go:328.16,330.3 1 0
github.com/my-eq/go-attom/pkg/property/service.go:331.2,331.19 1 1
github.com/my-eq/go-attom/pkg/property/service.go:335.125,338.95 3 1
github.com/my-eq/go-attom/pkg/property/service.go:338.95,339.34 1 1
github.com/my-eq/go-attom/pkg/property/service.go:339.34,341.4 1 1
github.com/my-eq/go-attom/pkg/property/service.go:342.3,342.65 1 0
github.com/my-eq/go-attom/pkg/property/service.go:344.2,344.16 1 1
github.com/my-eq/go-attom/pkg/property/service.go:344.16,346.3 1 0
github.com/my-eq/go-attom/pkg/property/service.go:347.2,347.19 1 1
github.com/my-eq/go-attom/pkg/property/service.go:351.99,354.16 3 1
github.com/my-eq/go-attom/pkg/property/service.go:354.16,356.3 1 0
github.com/my-eq/go-attom/pkg/property/service.go:357.2,357.19 1 1
github.com/my-eq/go-attom/pkg/property/service.go:361.103,364.16 3 1
github.com/my-eq/go-attom/pkg/property/service.go:364.16,366.3 1 0
github.com/my-eq/go-attom/pkg/property/service.go:367.2,367.19 1 1
github.com/my-eq/go-attom/pkg/property/service.go:371.111,374.16 3 0
github.com/my-eq/go-attom/pkg/property/service.go:374.16,376.3 1 0
github.com/my-eq/go-attom/pkg/property/service.go:377.2,377.19 1 0
github.com/my-eq/go-attom/pkg/property/service.go:381.115,384.16 3 0
github.com/my-eq/go-attom/pkg/property/service.go:384.16,386.3 1 0
github.com/my-eq/go-attom/pkg/property/service.go:387.2,387.19 1 0
github.com/my-eq/go-attom/pkg/property/service.go:391.113,394.16 3 0
github.com/my-eq/go-attom/pkg/property/service.go:394.16,396.3 1 0
github.com/my-eq/go-attom/pkg/property/service.go:397.2,397.19 1 0
github.com/my-eq/go-attom/pkg/property/service.go:401.101,404.16 3 1
github.com/my-eq/go-attom/pkg/property/service.go:404.16,406.3 1 0
github.com/my-eq/go-attom/pkg/property/service.go:407.2,407.19 1 1
github.com/my-eq/go-attom/pkg/property/service.go:411.107,414.16 3 1
github.com/my-eq/go-attom/pkg/property/service.go:414.16,416.3 1 0
github.com/my-eq/go-attom/pkg/property/service.go:417.2,417.19 1 1
github.com/my-eq/go-attom/pkg/property/service.go:421.99,424.16 3 1
github.com/my-eq/go-attom/pkg/property/service.go:424.16,426.3 1 0
github.com/my-eq/go-attom/pkg/property/service.go:427.2,427.19 1 1
github.com/my-eq/go-attom/pkg/property/service.go:431.97,434.16 3 1
github.com/my-eq/go-attom/pkg/property/service.go:434.16,436.3 1 0
github.com/my-eq/go-attom/pkg/property/service.go:437.2,437.19 1 1
github.com/my-eq/go-attom/pkg/property/service.go:441.109,444.16 3 1
github.com/my-eq/go-attom/pkg/property/service.go:444.16,446.3 1 0
github.com/my-eq/go-attom/pkg/property/service.go:447.2,447.19 1 1
github.com/my-eq/go-attom/pkg/property/service.go:451.111,454.16 3 1
github.com/my-eq/go-attom/pkg/property/service.go:454.16,456.3 1 0
github.com/my-eq/go-attom/pkg/property/service.go:457.2,457.19 1 1
github.com/my-eq/go-attom/pkg/property/service.go:461.108,464.16 3 1
github.com/my-eq/go-attom/pkg/property/service.go:464.16,466.3 1 0
github.com/my-eq/go-attom/pkg/property/service.go:467.2,467.19 1 1
github.com/my-eq/go-attom/pkg/property/service.go:471.111,474.16 3 1
github.com/my-eq/go-attom/pkg/property/service.go:474.16,476.3 1 0
github.com/my-eq/go-attom/pkg/property/service.go:477.2,477.19 1 1
github.com/my-eq/go-attom/pkg/property/service.go:481.115,483.87 2 1
github.com/my-eq/go-attom/pkg/property/service.go:483.87,484.34 1 1
github.com/my-eq/go-attom/pkg/property/service.go:484.34,486.4 1 0
github.com/my-eq/go-attom/pkg/property/service.go:487.3,487.13 1 1
github.com/my-eq/go-attom/pkg/property/service.go:489.2,489.16 1 1
github.com/my-eq/go-attom/pkg/property/service.go:489.16,491.3 1 0
github.com/my-eq/go-attom/pkg/property/service.go:492.2,492.19 1 1
github.com/my-eq/go-attom/pkg/property/service.go:496.121,498.95 2 1
github.com/my-eq/go-attom/pkg/property/service.go:498.95,499.34 1 1
github.com/my-eq/go-attom/pkg/property/service.go:499.34,501.4 1 0
github.com/my-eq/go-attom/pkg/property/service.go:502.3,502.13 1 1
github.com/my-eq/go-attom/pkg/property/service.go:504.2,504.16 1 1
github.com/my-eq/go-attom/pkg/property/service.go:504.16,506.3 1 0
github.com/my-eq/go-attom/pkg/property/service.go:507.2,507.19 1 1
github.com/my-eq/go-attom/pkg/property/service.go:511.101,514.16 3 1
github.com/my-eq/go-attom/pkg/property/service.go:514.16,516.3 1 0
github.com/my-eq/go-attom/pkg/property/service.go:517.2,517.19 1 1
github.com/my-eq/go-attom/pkg/property/service.go:521.122,524.85 3 1
github.com/my-eq/go-attom/pkg/property/service.go:524.85,525.35 1 1
github.com/my-eq/go-attom/pkg/property/service.go:525.35,527.4 1 0
github.com/my-eq/go-attom/pkg/property/service.go:528.3,528.13 1 1
github.com/my-eq/go-attom/pkg/property/service.go:530.2,530.16 1 1
github.com/my-eq/go-attom/pkg/property/service.go:530.16,532.3 1 0
github.com/my-eq/go-attom/pkg/property/service.go:533.2,533.19 1 1
github.com/my-eq/go-attom/pkg/property/service.go:537.123,540.86 3 1
github.com/my-eq/go-attom/pkg/property/service.go:540.86,541.34 1 1
github.com/my-eq/go-attom/pkg/property/service.go:541.34,543.4 1 1
github.com/my-eq/go-attom/pkg/property/service.go:544.3,544.65 1 0
github.com/my-eq/go-attom/pkg/property/service.go:546.2,546.16 1 1
github.com/my-eq/go-attom/pkg/property/service.go:546.16,548.3 1 0
github.com/my-eq/go-attom/pkg/property/service.go:549.2,549.19 1 1
github.com/my-eq/go-attom/pkg/property/service.go:553.141,556.95 3 1
github.com/my-eq/go-attom/pkg/property/service.go:556.95,557.34 1 1
github.com/my-eq/go-attom/pkg/property/service.go:557.34,559.4 1 1
github.com/my-eq/go-attom/pkg/property/service.go:560.3,560.65 1 0
github.com/my-eq/go-attom/pkg/property/service.go:562.2,562.16 1 1
github.com/my-eq/go-attom/pkg/property/service.go:562.16,564.3 1 0
github.com/my-eq/go-attom/pkg/property/service.go:565.2,565.19 1 1
github.com/my-eq/go-attom/pkg/property/service.go:569.164,575.24 2 1
github.com/my-eq/go-attom/pkg/property/service.go:575.24,577.3 1 0
github.com/my-eq/go-attom/pkg/property/service.go:578.2,579.86 2 1
github.com/my-eq/go-attom/pkg/property/service.go:579.86,580.98 1 1
github.com/my-eq/go-attom/pkg/property/service.go:580.98,582.4 1 1
github.com/my-eq/go-attom/pkg/property/service.go:583.3,583.89 1 0
github.com/my-eq/go-attom/pkg/property/service.go:585.2,585.16 1 1
github.com/my-eq/go-attom/pkg/property/service.go:585.16,587.3 1 0
github.com/my-eq/go-attom/pkg/property/service.go:588.2,588.19 1 1
github.com/my-eq/go-attom/pkg/property/service.go:594.120,597.84 3 1
github.com/my-eq/go-attom/pkg/property/service.go:597.84,598.29 1 1
github.com/my-eq/go-attom/pkg/property/service.go:598.29,600.4 1 1
github.com/my-eq/go-attom/pkg/property/service.go:601.3,601.67 1 0
github.com/my-eq/go-attom/pkg/property/service.go:603.2,603.16 1 1
github.com/my-eq/go-attom/pkg/property/service.go:603.16,605.3 1 0
github.com/my-eq/go-attom/pkg/property/service.go:606.2,606.19 1 1
github.com/my-eq/go-attom/pkg/property/service.go:612.138,615.92 3 1
github.com/my-eq/go-attom/pkg/property/service.go:615.92,616.29 1 1
github.com/my-eq/go-attom/pkg/property/service.go:616.29,618.4 1 1
github.com/my-eq/go-attom/pkg/property/service.go:619.3,619.69 1 0
github.com/my-eq/go-attom/pkg/property/service.go:621.2,621.16 1 1
github.com/my-eq/go-attom/pkg/property/service.go:621.16,623.3 1 0
github.com/my-eq/go-attom/pkg/property/service.go:624.2,624.19 1 1
github.com/my-eq/go-attom/pkg/property/service.go:630.126,636.91 3 0
github.com/my-eq/go-attom/pkg/property/service.go:636.91,637.67 1 0
github.com/my-eq/go-attom/pkg/property/service.go:637.67,639.4 1 0
github.com/my-eq/go-attom/pkg/property/service.go:640.3,640.79 1 0
github.com/my-eq/go-attom/pkg/property/service.go:642.2,642.16 1 0
github.com/my-eq/go-attom/pkg/property/service.go:642.16,644.3 1 0
github.com/my-eq/go-attom/pkg/property/service.go:645.2,645.19 1 0
github.com/my-eq/go-attom/pkg/property/service.go:649.163,651.23 2 1
github.com/my-eq/go-attom/pkg/property/service.go:651.23,653.3 1 1
github.com/my-eq/go-attom/pkg/property/service.go:654.2,654.23 1 1
github.com/my-eq/go-attom/pkg/property/service.go:654.23,656.3 1 1
github.com/my-eq/go-attom/pkg/property/service.go:657.2,657.24 1 1
github.com/my-eq/go-attom/pkg/property/service.go:657.24,659.3 1 1
github.com/my-eq/go-attom/pkg/property/service.go:660.2,661.83 2 1
github.com/my-eq/go-attom/pkg/property/service.go:661.83,662.34 1 1
github.com/my-eq/go-attom/pkg/property/service.go:662.34,664.4 1 1
github.com/my-eq/go-attom/pkg/property/service.go:665.3,665.65 1 0
github.com/my-eq/go-attom/pkg/property/service.go:667.2,667.16 1 1
github.com/my-eq/go-attom/pkg/property/service.go:667.16,669.3 1 0
github.com/my-eq/go-attom/pkg/property/service.go:670.2,670.19 1 1
github.com/my-eq/go-attom/pkg/property/service.go:676.135,682.88 3 1
github.com/my-eq/go-attom/pkg/property/service.go:682.88,683.67 1 1
github.com/my-eq/go-attom/pkg/property/service.go:683.67,685.4 1 1
github.com/my-eq/go-attom/pkg/property/service.go:686.3,686.79 1 0
github.com/my-eq/go-attom/pkg/property/service.go:688.2,688.16 1 1
github.com/my-eq/go-attom/pkg/property/service.go:688.16,690.3 1 0
github.com/my-eq/go-attom/pkg/property/service.go:691.2,691.19 1 1
github.com/my-eq/go-attom/pkg/property/service.go:695.109,698.16 3 0
github.com/my-eq/go-attom/pkg/property/service.go:698.16,700.3 1 0
github.com/my-eq/go-attom/pkg/property/service.go:701.2,701.19 1 0
github.com/my-eq/go-attom/pkg/property/service.go:705.129,708.89 3 0
github.com/my-eq/go-attom/pkg/property/service.go:708.89,709.34 1 0
github.com/my-eq/go-attom/pkg/property/service.go:709.34,711.4 1 0
github.com/my-eq/go-attom/pkg/property/service.go:712.3,712.13 1 0
github.com/my-eq/go-attom/pkg/property/service.go:714.2,714.16 1 0
github.com/my-eq/go-attom/pkg/property/service.go:714.16,716.3 1 0
github.com/my-eq/go-attom/pkg/property/service.go:717.2,717.19 1 0
github.com/my-eq/go-attom/pkg/property/service.go:721.115,724.16 3 0
github.com/my-eq/go-attom/pkg/property/service.go:724.16,726.3 1 0
github.com/my-eq/go-attom/pkg/property/service.go:727.2,727.19 1 0
github.com/my-eq/go-attom/pkg/property/service.go:731.115,734.91 3 0
github.com/my-eq/go-attom/pkg/property/service.go:734.91,735.34 1 0
github.com/my-eq/go-attom/pkg/property/service.go:735.34,737.4 1 0
github.com/my-eq/go-attom/pkg/property/service.go:738.3,738.13 1 0
github.com/my-eq/go-attom/pkg/property/service.go:740.2,740.16 1 0
github.com/my-eq/go-attom/pkg/property/service.go:740.16,742.3 1 0
github.com/my-eq/go-attom/pkg/property/service.go:743.2,743.19 1 0
github.com/my-eq/go-attom/pkg/property/service.go:747.121,750.92 3 0
github.com/my-eq/go-attom/pkg/property/service.go:750.92,751.36 1 0
github.com/my-eq/go-attom/pkg/property/service.go:751.36,753.4 1 0
github.com/my-eq/go-attom/pkg/property/service.go:754.3,754.13 1 0
github.com/my-eq/go-attom/pkg/property/service.go:756.2,756.16 1 0
github.com/my-eq/go-attom/pkg/property/service.go:756.16,758.3 1 0
github.com/my-eq/go-attom/pkg/property/service.go:759.2,759.19 1 0
github.com/my-eq/go-attom/pkg/property/service.go:763.109,766.87 3 0
github.com/my-eq/go-attom/pkg/property/service.go:766.87,767.34 1 0
github.com/my-eq/go-attom/pkg/property/service.go:767.34,769.4 1 0
github.com/my-eq/go-attom/pkg/property/service.go:770.3,770.13 1 0
github.com/my-eq/go-attom/pkg/property/service.go:772.2,772.16 1 0
github.com/my-eq/go-attom/pkg/property/service.go:772.16,774.3 1 0
github.com/my-eq/go-attom/pkg/property/service.go:775.2,775.19 1 0
github.com/my-eq/go-attom/pkg/property/service.go:779.113,782.89 3 0
github.com/my-eq/go-attom/pkg/property/service.go:782.89,783.34 1 0
github.com/my-eq/go-attom/pkg/property/service.go:783.34,785.4 1 0
github.com/my-eq/go-attom/pkg/property/service.go:786.3,786.13 1 0
github.com/my-eq/go-attom/pkg/property/service.go:788.2,788.16 1 0
github.com/my-eq/go-attom/pkg/property/service.go:788.16,790.3 1 0
github.com/my-eq/go-attom/pkg/property/service.go:791.2,791.19 1 0
github.com/my-eq/go-attom/pkg/property/service.go:795.95,798.16 3 0
github.com/my-eq/go-attom/pkg/property/service.go:798.16,800.3 1 0
github.com/my-eq/go-attom/pkg/property/service.go:801.2,801.19 1 0
github.com/my-eq/go-attom/pkg/property/service.go:805.109,808.89 3 0
github.com/my-eq/go-attom/pkg/property/service.go:808.89,809.34 1 0
github.com/my-eq/go-attom/pkg/property/service.go:809.34,811.4 1 0
github.com/my-eq/go-attom/pkg/property/service.go:812.3,812.13 1 0
github.com/my-eq/go-attom/pkg/property/service.go:814.2,814.16 1 0
github.com/my-eq/go-attom/pkg/property/service.go:814.16,816.3 1 0
github.com/my-eq/go-attom/pkg/property/service.go:817.2,817.19 1 0
github.com/my-eq/go-attom/pkg/property/service.go:821.121,824.95 3 0
github.com/my-eq/go-attom/pkg/property/service.go:824.95,825.34 1 0
github.com/my-eq/go-attom/pkg/property/service.go:825.34,827.4 1 0
github.com/my-eq/go-attom/pkg/property/service.go:828.3,828.13 1 0
github.com/my-eq/go-attom/pkg/property/service.go:830.2,830.16 1 0
github.com/my-eq/go-attom/pkg/property/service.go:830.16,832.3 1 0
github.com/my-eq/go-attom/pkg/property/service.go:833.2,833.19 1 0
github.com/my-eq/go-attom/pkg/property/service.go:837.85,840.16 3 0
github.com/my-eq/go-attom/pkg/property/service.go:840.16,842.3 1 0
github.com/my-eq/go-attom/pkg/property/service.go:843.2,843.19 1 0
github.com/my-eq/go-attom/pkg/property/service.go:847.107,850.16 3 0
github.com/my-eq/go-attom/pkg/property/service.go:850.16,852.3 1 0
github.com/my-eq/go-attom/pkg/property/service.go:853.2,853.19 1 0
github.com/my-eq/go-attom/pkg/property/service.go:857.97,860.16 3 0
github.com/my-eq/go-attom/pkg/property/service.go:860.16,862.3 1 0
github.com/my-eq/go-attom/pkg/property/service.go:863.2,863.19 1 0
github.com/my-eq/go-attom/pkg/property/service.go:867.107,870.16 3 0
github.com/my-eq/go-attom/pkg/property/service.go:870.16,872.3 1 0
github.com/my-eq/go-attom/pkg/property/service.go:873.2,873.19 1 0
github.com/my-eq/go-attom/pkg/property/service.go:877.159,880.239 3 0
github.com/my-eq/go-attom/pkg/property/service.go:880.239,881.108 1 0
github.com/my-eq/go-attom/pkg/property/service.go:881.108,883.4 1 0
github.com/my-eq/go-attom/pkg/property/service.go:884.3,884.76 1 0
github.com/my-eq/go-attom/pkg/property/service.go:886.2,886.16 1 0
github.com/my-eq/go-attom/pkg/property/service.go:886.16,888.3 1 0
github.com/my-eq/go-attom/pkg/property/service.go:889.2,889.19 1 0
github.com/my-eq/go-attom/pkg/property/service.go:893.141,896.183 3 0
github.com/my-eq/go-attom/pkg/property/service.go:896.183,897.61 1 0
github.com/my-eq/go-attom/pkg/property/service.go:897.61,899.4 1 0
github.com/my-eq/go-attom/pkg/property/service.go:900.3,900.80 1 0
github.com/my-eq/go-attom/pkg/property/service.go:902.2,902.16 1 0
github.com/my-eq/go-attom/pkg/property/service.go:902.16,904.3 1 0
github.com/my-eq/go-attom/pkg/property/service.go:905.2,905.19 1 0
github.com/my-eq/go-attom/pkg/property/service.go:909.132,913.16 4 0
github.com/my-eq/go-attom/pkg/property/service.go:913.16,915.3 1 0
github.com/my-eq/go-attom/pkg/property/service.go:916.2,916.19 1 0
github.com/my-eq/go-attom/pkg/property/service.go:920.133,923.75 3 0
github.com/my-eq/go-attom/pkg/property/service.go:923.75,924.34 1 0
github.com/my-eq/go-attom/pkg/property/service.go:924.34,926.4 1 0
github.com/my-eq/go-attom/pkg/property/service.go:927.3,927.13 1 0
github.com/my-eq/go-attom/pkg/property/service.go:929.2,929.16 1 0
github.com/my-eq/go-attom/pkg/property/service.go:929.16,931.3 1 0
github.com/my-eq/go-attom/pkg/property/service.go:932.2,932.19 1 0
github.com/my-eq/go-attom/pkg/property/service.go:936.129,940.16 4 0
github.com/my-eq/go-attom/pkg/property/service.go:940.16,942.3 1 0
github.com/my-eq/go-attom/pkg/property/service.go:943.2,943.19 1 0
github.com/my-eq/go-attom/pkg/property/service.go:947.130,950.83 3 0
github.com/my-eq/go-attom/pkg/property/service.go:950.83,951.34 1 0
github.com/my-eq/go-attom/pkg/property/service.go:951.34,953.4 1 0
github.com/my-eq/go-attom/pkg/property/service.go:954.3,954.13 1 0
github.com/my-eq/go-attom/pkg/property/service.go:956.2,956.16 1 0
github.com/my-eq/go-attom/pkg/property/service.go:956.16,958.3 1 0
github.com/my-eq/go-attom/pkg/property/service.go:959.2,959.19 1 0
